
-------------------------
Timestamp: 2025-05-27T18:27:43.536Z
Internship: FULL STACK DEVELOPER (SOFTWARE ENGINEER)
Name: astha
Email: astha@gmail.com
Enrollment: 0101cs221163
Branch: cse
Semester: 6
-------------------------

-------------------------
Timestamp: 2025-05-28T07:56:12.295Z
Internship: GEN AI & PROMPT ENGINEERING SUMMER INTERNSHIP 2025
Name: Astha Pawar
Email: astha@gmail.com
Enrollment: 0101CS221163
Branch: CSE
Semester: 6
-------------------------

-------------------------
Timestamp: 2025-05-29T17:29:01.462Z
Internship: FULL STACK DEVELOPER (SOFTWARE ENGINEER)
Name: Aastha Kaushik
Email: aastha@gmail.com
Enrollment: 0101CS221002
Branch: Computer Science
Semester: 6
-------------------------
